[14:57:20] [main/INFO]: [Application] Autoreload is disabled because the development mode is off.
[14:57:21] [main/INFO]: [Application] Responding at http://0.0.0.0:8080
[14:57:21] [main/INFO]: [Application] Application started in 0.47 seconds.
[14:57:31] [eventLoopGroupProxy-4-1/ERROR]: [Application] Unhandled: GET - /users/VoidMoment
java.lang.NullPointerException: Cannot invoke "org.bukkit.Server.getOfflinePlayer(String)" because "org.bukkit.Bukkit.server" is null
	at org.bukkit.Bukkit.getOfflinePlayer(Bukkit.java:1072) ~[paper-1.17.1-R0.1-20210911.102917-179.jar:git-Paper-250]
	at space.maxus.api.PlayerEndpoint.<init>(PlayerEndpoint.kt:22) ~[classes/:?]
	at space.maxus.ApplicationKt$module$4$1.invokeSuspend(Application.kt:58) ~[classes/:?]
	at space.maxus.ApplicationKt$module$4$1.invoke(Application.kt) ~[classes/:?]
	at space.maxus.ApplicationKt$module$4$1.invoke(Application.kt) ~[classes/:?]
	at io.ktor.util.pipeline.SuspendFunctionGun.loop(SuspendFunctionGun.kt:248) ~[ktor-utils-jvm-1.6.3.jar:1.6.3]
	at io.ktor.util.pipeline.SuspendFunctionGun.proceed(SuspendFunctionGun.kt:116) ~[ktor-utils-jvm-1.6.3.jar:1.6.3]
	at io.ktor.util.pipeline.SuspendFunctionGun.execute(SuspendFunctionGun.kt:136) ~[ktor-utils-jvm-1.6.3.jar:1.6.3]
	at io.ktor.util.pipeline.Pipeline.execute(Pipeline.kt:79) ~[ktor-utils-jvm-1.6.3.jar:1.6.3]
	at io.ktor.routing.Routing.executeResult(Routing.kt:155) ~[ktor-server-core-1.6.3.jar:1.6.3]
	at io.ktor.routing.Routing.interceptor(Routing.kt:39) ~[ktor-server-core-1.6.3.jar:1.6.3]
	at io.ktor.routing.Routing$Feature$install$1.invokeSuspend(Routing.kt:107) ~[ktor-server-core-1.6.3.jar:1.6.3]
	at io.ktor.routing.Routing$Feature$install$1.invoke(Routing.kt) ~[ktor-server-core-1.6.3.jar:1.6.3]
	at io.ktor.routing.Routing$Feature$install$1.invoke(Routing.kt) ~[ktor-server-core-1.6.3.jar:1.6.3]
	at io.ktor.util.pipeline.SuspendFunctionGun.loop(SuspendFunctionGun.kt:248) ~[ktor-utils-jvm-1.6.3.jar:1.6.3]
	at io.ktor.util.pipeline.SuspendFunctionGun.proceed(SuspendFunctionGun.kt:116) ~[ktor-utils-jvm-1.6.3.jar:1.6.3]
	at io.ktor.util.pipeline.SuspendFunctionGun.execute(SuspendFunctionGun.kt:136) ~[ktor-utils-jvm-1.6.3.jar:1.6.3]
	at io.ktor.util.pipeline.Pipeline.execute(Pipeline.kt:79) ~[ktor-utils-jvm-1.6.3.jar:1.6.3]
	at io.ktor.server.engine.DefaultEnginePipelineKt$defaultEnginePipeline$2.invokeSuspend(DefaultEnginePipeline.kt:127) ~[ktor-server-host-common-1.6.3.jar:1.6.3]
	at io.ktor.server.engine.DefaultEnginePipelineKt$defaultEnginePipeline$2.invoke(DefaultEnginePipeline.kt) ~[ktor-server-host-common-1.6.3.jar:1.6.3]
	at io.ktor.server.engine.DefaultEnginePipelineKt$defaultEnginePipeline$2.invoke(DefaultEnginePipeline.kt) ~[ktor-server-host-common-1.6.3.jar:1.6.3]
	at io.ktor.util.pipeline.SuspendFunctionGun.loop(SuspendFunctionGun.kt:248) ~[ktor-utils-jvm-1.6.3.jar:1.6.3]
	at io.ktor.util.pipeline.SuspendFunctionGun.proceed(SuspendFunctionGun.kt:116) ~[ktor-utils-jvm-1.6.3.jar:1.6.3]
	at io.ktor.util.pipeline.SuspendFunctionGun.execute(SuspendFunctionGun.kt:136) ~[ktor-utils-jvm-1.6.3.jar:1.6.3]
	at io.ktor.util.pipeline.Pipeline.execute(Pipeline.kt:79) ~[ktor-utils-jvm-1.6.3.jar:1.6.3]
	at io.ktor.server.netty.NettyApplicationCallHandler$handleRequest$1.invokeSuspend(NettyApplicationCallHandler.kt:123) ~[ktor-server-netty-1.6.3.jar:1.6.3]
	at io.ktor.server.netty.NettyApplicationCallHandler$handleRequest$1.invoke(NettyApplicationCallHandler.kt) ~[ktor-server-netty-1.6.3.jar:1.6.3]
	at io.ktor.server.netty.NettyApplicationCallHandler$handleRequest$1.invoke(NettyApplicationCallHandler.kt) ~[ktor-server-netty-1.6.3.jar:1.6.3]
	at kotlinx.coroutines.intrinsics.UndispatchedKt.startCoroutineUndispatched(Undispatched.kt:55) ~[kotlinx-coroutines-core-jvm-1.5.0-native-mt.jar:?]
	at kotlinx.coroutines.BuildersKt__Builders_commonKt.startCoroutineImpl(Builders.common.kt:194) ~[kotlinx-coroutines-core-jvm-1.5.0-native-mt.jar:?]
	at kotlinx.coroutines.BuildersKt.startCoroutineImpl(Unknown Source) ~[kotlinx-coroutines-core-jvm-1.5.0-native-mt.jar:?]
	at kotlinx.coroutines.AbstractCoroutine.start(AbstractCoroutine.kt:134) ~[kotlinx-coroutines-core-jvm-1.5.0-native-mt.jar:?]
	at kotlinx.coroutines.BuildersKt__Builders_commonKt.launch(Builders.common.kt:56) ~[kotlinx-coroutines-core-jvm-1.5.0-native-mt.jar:?]
	at kotlinx.coroutines.BuildersKt.launch(Unknown Source) ~[kotlinx-coroutines-core-jvm-1.5.0-native-mt.jar:?]
	at io.ktor.server.netty.NettyApplicationCallHandler.handleRequest(NettyApplicationCallHandler.kt:43) ~[ktor-server-netty-1.6.3.jar:1.6.3]
	at io.ktor.server.netty.NettyApplicationCallHandler.channelRead(NettyApplicationCallHandler.kt:34) ~[ktor-server-netty-1.6.3.jar:1.6.3]
	at io.netty.channel.AbstractChannelHandlerContext.invokeChannelRead(AbstractChannelHandlerContext.java:379) ~[paper-1.17.1-R0.1-20210911.102917-179.jar:git-Paper-250]
	at io.netty.channel.AbstractChannelHandlerContext.access$600(AbstractChannelHandlerContext.java:61) ~[paper-1.17.1-R0.1-20210911.102917-179.jar:git-Paper-250]
	at io.netty.channel.AbstractChannelHandlerContext$7.run(AbstractChannelHandlerContext.java:370) ~[paper-1.17.1-R0.1-20210911.102917-179.jar:git-Paper-250]
	at io.netty.util.concurrent.AbstractEventExecutor.safeExecute(AbstractEventExecutor.java:164) ~[paper-1.17.1-R0.1-20210911.102917-179.jar:git-Paper-250]
	at io.netty.util.concurrent.SingleThreadEventExecutor.runAllTasks(SingleThreadEventExecutor.java:472) ~[paper-1.17.1-R0.1-20210911.102917-179.jar:git-Paper-250]
	at io.netty.channel.nio.NioEventLoop.run(NioEventLoop.java:500) ~[paper-1.17.1-R0.1-20210911.102917-179.jar:git-Paper-250]
	at io.netty.util.concurrent.SingleThreadEventExecutor$4.run(SingleThreadEventExecutor.java:989) ~[paper-1.17.1-R0.1-20210911.102917-179.jar:git-Paper-250]
	at io.netty.util.internal.ThreadExecutorMap$2.run(ThreadExecutorMap.java:74) ~[paper-1.17.1-R0.1-20210911.102917-179.jar:git-Paper-250]
	at io.ktor.server.netty.EventLoopGroupProxy$Companion.create$lambda-1$lambda-0(NettyApplicationEngine.kt:251) ~[ktor-server-netty-1.6.3.jar:1.6.3]
	at io.netty.util.concurrent.FastThreadLocalRunnable.run(FastThreadLocalRunnable.java:30) [paper-1.17.1-R0.1-20210911.102917-179.jar:git-Paper-250]
	at java.lang.Thread.run(Thread.java:831) [?:?]
